<?xml version="1.0" encoding="UTF-8"?>
<!-- Generated by org.testng.reporters.JUnitReportReporter -->
<testsuite hostname="CAN-7825-L001" name="projScripts.Flight_Booking" tests="1" failures="0" timestamp="31 Jan 2018 14:47:07 GMT" time="28.721" errors="0">
  <testcase name="testFlightBook" time="28.721" classname="projScripts.Flight_Booking"/>
</testsuite> <!-- projScripts.Flight_Booking -->
